<?xml version="1.0" encoding="UTF-8"?>
<testng-results ignored="0" total="1" passed="1" failed="0" skipped="0">
  <reporter-output>
  </reporter-output>
  <suite started-at="2024-11-20T01:01:44 IST" name="Default suite" finished-at="2024-11-20T01:02:27 IST" duration-ms="43073">
    <groups>
    </groups>
    <test started-at="2024-11-20T01:01:44 IST" name="Default test" finished-at="2024-11-20T01:02:27 IST" duration-ms="43073">
      <class name="testcases.tc08_Department_Item_Add">
        <test-method is-config="true" signature="startReport()[pri:0, instance:testcases.tc08_Department_Item_Add@131ef10]" started-at="2024-11-20T01:01:44 IST" name="startReport" finished-at="2024-11-20T01:01:44 IST" duration-ms="307" status="PASS">
          <reporter-output>
          </reporter-output>
        </test-method> <!-- startReport -->
        <test-method is-config="true" signature="setup()[pri:0, instance:testcases.tc08_Department_Item_Add@131ef10]" started-at="2024-11-20T01:01:44 IST" name="setup" finished-at="2024-11-20T01:01:44 IST" duration-ms="1" status="PASS">
          <reporter-output>
          </reporter-output>
        </test-method> <!-- setup -->
        <test-method is-config="true" signature="testDetails()[pri:0, instance:testcases.tc08_Department_Item_Add@131ef10]" started-at="2024-11-20T01:01:44 IST" name="testDetails" finished-at="2024-11-20T01:01:44 IST" duration-ms="10" status="PASS">
          <reporter-output>
          </reporter-output>
        </test-method> <!-- testDetails -->
        <test-method is-config="true" signature="start()[pri:0, instance:testcases.tc08_Department_Item_Add@131ef10]" started-at="2024-11-20T01:01:44 IST" name="start" finished-at="2024-11-20T01:01:49 IST" duration-ms="4696" status="PASS">
          <reporter-output>
          </reporter-output>
        </test-method> <!-- start -->
        <test-method signature="tc08_selAddItemShopByDeptMenu()[pri:0, instance:testcases.tc08_Department_Item_Add@131ef10]" started-at="2024-11-20T01:01:49 IST" name="tc08_selAddItemShopByDeptMenu" finished-at="2024-11-20T01:02:27 IST" duration-ms="37745" status="PASS">
          <reporter-output>
          </reporter-output>
        </test-method> <!-- tc08_selAddItemShopByDeptMenu -->
        <test-method is-config="true" signature="close()[pri:0, instance:testcases.tc08_Department_Item_Add@131ef10]" started-at="2024-11-20T01:02:27 IST" name="close" finished-at="2024-11-20T01:02:27 IST" duration-ms="572" status="PASS">
          <reporter-output>
          </reporter-output>
        </test-method> <!-- close -->
        <test-method is-config="true" signature="endReport()[pri:0, instance:testcases.tc08_Department_Item_Add@131ef10]" started-at="2024-11-20T01:02:27 IST" name="endReport" finished-at="2024-11-20T01:02:28 IST" duration-ms="521" status="PASS">
          <reporter-output>
          </reporter-output>
        </test-method> <!-- endReport -->
      </class> <!-- testcases.tc08_Department_Item_Add -->
    </test> <!-- Default test -->
  </suite> <!-- Default suite -->
</testng-results>
